The system is: Linux - 3.10.0-957.el7.x86_64 - x86_64
Compiling the C compiler identification source file "CMakeCCompilerId.c" succeeded.
Compiler: /opt/rh/devtoolset-3/root/usr/bin/cc 
Build flags: 
Id flags:  

The output was:
0


Compilation of the C compiler identification source "CMakeCCompilerId.c" produced "a.out"

The C compiler identification is GNU, found in "/root/mytest/anredis_c/build/CMakeFiles/3.15.5/CompilerIdC/a.out"

Compiling the CXX compiler identification source file "CMakeCXXCompilerId.cpp" succeeded.
Compiler: /opt/rh/devtoolset-3/root/usr/bin/c++ 
Build flags: 
Id flags:  

The output was:
0


Compilation of the CXX compiler identification source "CMakeCXXCompilerId.cpp" produced "a.out"

The CXX compiler identification is GNU, found in "/root/mytest/anredis_c/build/CMakeFiles/3.15.5/CompilerIdCXX/a.out"

Determining if the C compiler works passed with the following output:
Change Dir: /root/mytest/anredis_c/build/CMakeFiles/CMakeTmp

Run Build Command(s):/usr/bin/gmake cmTC_f6840/fast && /usr/bin/gmake -f CMakeFiles/cmTC_f6840.dir/build.make CMakeFiles/cmTC_f6840.dir/build
gmake[1]: 进入目录“/root/mytest/anredis_c/build/CMakeFiles/CMakeTmp”
Building C object CMakeFiles/cmTC_f6840.dir/testCCompiler.c.o
/opt/rh/devtoolset-3/root/usr/bin/cc    -o CMakeFiles/cmTC_f6840.dir/testCCompiler.c.o   -c /root/mytest/anredis_c/build/CMakeFiles/CMakeTmp/testCCompiler.c
Linking C executable cmTC_f6840
/usr/local/cmake-3.15.5-Linux-x86_64/bin/cmake -E cmake_link_script CMakeFiles/cmTC_f6840.dir/link.txt --verbose=1
/opt/rh/devtoolset-3/root/usr/bin/cc      CMakeFiles/cmTC_f6840.dir/testCCompiler.c.o  -o cmTC_f6840 
gmake[1]: 离开目录“/root/mytest/anredis_c/build/CMakeFiles/CMakeTmp”



Detecting C compiler ABI info compiled with the following output:
Change Dir: /root/mytest/anredis_c/build/CMakeFiles/CMakeTmp

Run Build Command(s):/usr/bin/gmake cmTC_b4fb5/fast && /usr/bin/gmake -f CMakeFiles/cmTC_b4fb5.dir/build.make CMakeFiles/cmTC_b4fb5.dir/build
gmake[1]: Entering directory `/root/mytest/anredis_c/build/CMakeFiles/CMakeTmp'
Building C object CMakeFiles/cmTC_b4fb5.dir/CMakeCCompilerABI.c.o
/opt/rh/devtoolset-3/root/usr/bin/cc   -v -o CMakeFiles/cmTC_b4fb5.dir/CMakeCCompilerABI.c.o   -c /usr/local/cmake-3.15.5-Linux-x86_64/share/cmake-3.15/Modules/CMakeCCompilerABI.c
Using built-in specs.
COLLECT_GCC=/opt/rh/devtoolset-3/root/usr/bin/cc
Target: x86_64-redhat-linux
Configured with: ../configure --prefix=/opt/rh/devtoolset-3/root/usr --mandir=/opt/rh/devtoolset-3/root/usr/share/man --infodir=/opt/rh/devtoolset-3/root/usr/share/info --with-bugurl=http://bugzilla.redhat.com/bugzilla --enable-bootstrap --enable-shared --enable-threads=posix --enable-checking=release --enable-multilib --with-system-zlib --enable-__cxa_atexit --disable-libunwind-exceptions --enable-gnu-unique-object --enable-linker-build-id --enable-languages=c,c++,fortran,lto --enable-plugin --with-linker-hash-style=gnu --enable-initfini-array --disable-libgcj --with-isl=/builddir/build/BUILD/gcc-4.9.2-20150212/obj-x86_64-redhat-linux/isl-install --with-cloog=/builddir/build/BUILD/gcc-4.9.2-20150212/obj-x86_64-redhat-linux/cloog-install --enable-gnu-indirect-function --with-tune=generic --with-arch_32=i686 --build=x86_64-redhat-linux
Thread model: posix
gcc version 4.9.2 20150212 (Red Hat 4.9.2-6) (GCC) 
COLLECT_GCC_OPTIONS='-v' '-o' 'CMakeFiles/cmTC_b4fb5.dir/CMakeCCompilerABI.c.o' '-c' '-mtune=generic' '-march=x86-64'
 /opt/rh/devtoolset-3/root/usr/libexec/gcc/x86_64-redhat-linux/4.9.2/cc1 -quiet -v /usr/local/cmake-3.15.5-Linux-x86_64/share/cmake-3.15/Modules/CMakeCCompilerABI.c -quiet -dumpbase CMakeCCompilerABI.c -mtune=generic -march=x86-64 -auxbase-strip CMakeFiles/cmTC_b4fb5.dir/CMakeCCompilerABI.c.o -version -o /tmp/ccNnGbBb.s
GNU C (GCC) version 4.9.2 20150212 (Red Hat 4.9.2-6) (x86_64-redhat-linux)
	compiled by GNU C version 4.9.2 20150212 (Red Hat 4.9.2-6), GMP version 6.0.0, MPFR version 3.1.1, MPC version 1.0.1
GGC heuristics: --param ggc-min-expand=100 --param ggc-min-heapsize=131072
ignoring nonexistent directory "/opt/rh/devtoolset-3/root/usr/lib/gcc/x86_64-redhat-linux/4.9.2/include-fixed"
ignoring nonexistent directory "/opt/rh/devtoolset-3/root/usr/lib/gcc/x86_64-redhat-linux/4.9.2/../../../../x86_64-redhat-linux/include"
#include "..." search starts here:
#include <...> search starts here:
 /opt/rh/devtoolset-3/root/usr/lib/gcc/x86_64-redhat-linux/4.9.2/include
 /usr/local/include
 /opt/rh/devtoolset-3/root/usr/include
 /usr/include
End of search list.
GNU C (GCC) version 4.9.2 20150212 (Red Hat 4.9.2-6) (x86_64-redhat-linux)
	compiled by GNU C version 4.9.2 20150212 (Red Hat 4.9.2-6), GMP version 6.0.0, MPFR version 3.1.1, MPC version 1.0.1
GGC heuristics: --param ggc-min-expand=100 --param ggc-min-heapsize=131072
Compiler executable checksum: be3eb8157ed7cd76ab99aacea43ea189
COLLECT_GCC_OPTIONS='-v' '-o' 'CMakeFiles/cmTC_b4fb5.dir/CMakeCCompilerABI.c.o' '-c' '-mtune=generic' '-march=x86-64'
 /opt/rh/devtoolset-3/root/usr/libexec/gcc/x86_64-redhat-linux/4.9.2/as -v --64 -o CMakeFiles/cmTC_b4fb5.dir/CMakeCCompilerABI.c.o /tmp/ccNnGbBb.s
GNU assembler version 2.24 (x86_64-redhat-linux) using BFD version version 2.24
COMPILER_PATH=/opt/rh/devtoolset-3/root/usr/libexec/gcc/x86_64-redhat-linux/4.9.2/:/opt/rh/devtoolset-3/root/usr/libexec/gcc/x86_64-redhat-linux/4.9.2/:/opt/rh/devtoolset-3/root/usr/libexec/gcc/x86_64-redhat-linux/:/opt/rh/devtoolset-3/root/usr/lib/gcc/x86_64-redhat-linux/4.9.2/:/opt/rh/devtoolset-3/root/usr/lib/gcc/x86_64-redhat-linux/
LIBRARY_PATH=/opt/rh/devtoolset-3/root/usr/lib/gcc/x86_64-redhat-linux/4.9.2/:/opt/rh/devtoolset-3/root/usr/lib/gcc/x86_64-redhat-linux/4.9.2/../../../../lib64/:/lib/../lib64/:/usr/lib/../lib64/:/opt/rh/devtoolset-3/root/usr/lib/gcc/x86_64-redhat-linux/4.9.2/../../../:/lib/:/usr/lib/
COLLECT_GCC_OPTIONS='-v' '-o' 'CMakeFiles/cmTC_b4fb5.dir/CMakeCCompilerABI.c.o' '-c' '-mtune=generic' '-march=x86-64'
Linking C executable cmTC_b4fb5
/usr/local/cmake-3.15.5-Linux-x86_64/bin/cmake -E cmake_link_script CMakeFiles/cmTC_b4fb5.dir/link.txt --verbose=1
/opt/rh/devtoolset-3/root/usr/bin/cc     -v CMakeFiles/cmTC_b4fb5.dir/CMakeCCompilerABI.c.o  -o cmTC_b4fb5 
Using built-in specs.
COLLECT_GCC=/opt/rh/devtoolset-3/root/usr/bin/cc
COLLECT_LTO_WRAPPER=/opt/rh/devtoolset-3/root/usr/libexec/gcc/x86_64-redhat-linux/4.9.2/lto-wrapper
Target: x86_64-redhat-linux
Configured with: ../configure --prefix=/opt/rh/devtoolset-3/root/usr --mandir=/opt/rh/devtoolset-3/root/usr/share/man --infodir=/opt/rh/devtoolset-3/root/usr/share/info --with-bugurl=http://bugzilla.redhat.com/bugzilla --enable-bootstrap --enable-shared --enable-threads=posix --enable-checking=release --enable-multilib --with-system-zlib --enable-__cxa_atexit --disable-libunwind-exceptions --enable-gnu-unique-object --enable-linker-build-id --enable-languages=c,c++,fortran,lto --enable-plugin --with-linker-hash-style=gnu --enable-initfini-array --disable-libgcj --with-isl=/builddir/build/BUILD/gcc-4.9.2-20150212/obj-x86_64-redhat-linux/isl-install --with-cloog=/builddir/build/BUILD/gcc-4.9.2-20150212/obj-x86_64-redhat-linux/cloog-install --enable-gnu-indirect-function --with-tune=generic --with-arch_32=i686 --build=x86_64-redhat-linux
Thread model: posix
gcc version 4.9.2 20150212 (Red Hat 4.9.2-6) (GCC) 
COMPILER_PATH=/opt/rh/devtoolset-3/root/usr/libexec/gcc/x86_64-redhat-linux/4.9.2/:/opt/rh/devtoolset-3/root/usr/libexec/gcc/x86_64-redhat-linux/4.9.2/:/opt/rh/devtoolset-3/root/usr/libexec/gcc/x86_64-redhat-linux/:/opt/rh/devtoolset-3/root/usr/lib/gcc/x86_64-redhat-linux/4.9.2/:/opt/rh/devtoolset-3/root/usr/lib/gcc/x86_64-redhat-linux/
LIBRARY_PATH=/opt/rh/devtoolset-3/root/usr/lib/gcc/x86_64-redhat-linux/4.9.2/:/opt/rh/devtoolset-3/root/usr/lib/gcc/x86_64-redhat-linux/4.9.2/../../../../lib64/:/lib/../lib64/:/usr/lib/../lib64/:/opt/rh/devtoolset-3/root/usr/lib/gcc/x86_64-redhat-linux/4.9.2/../../../:/lib/:/usr/lib/
COLLECT_GCC_OPTIONS='-v' '-o' 'cmTC_b4fb5' '-mtune=generic' '-march=x86-64'
 /opt/rh/devtoolset-3/root/usr/libexec/gcc/x86_64-redhat-linux/4.9.2/collect2 -plugin /opt/rh/devtoolset-3/root/usr/libexec/gcc/x86_64-redhat-linux/4.9.2/liblto_plugin.so -plugin-opt=/opt/rh/devtoolset-3/root/usr/libexec/gcc/x86_64-redhat-linux/4.9.2/lto-wrapper -plugin-opt=-fresolution=/tmp/ccapobmj.res -plugin-opt=-pass-through=-lgcc -plugin-opt=-pass-through=-lgcc_s -plugin-opt=-pass-through=-lc -plugin-opt=-pass-through=-lgcc -plugin-opt=-pass-through=-lgcc_s --build-id --no-add-needed --eh-frame-hdr --hash-style=gnu -m elf_x86_64 -dynamic-linker /lib64/ld-linux-x86-64.so.2 -o cmTC_b4fb5 /lib/../lib64/crt1.o /lib/../lib64/crti.o /opt/rh/devtoolset-3/root/usr/lib/gcc/x86_64-redhat-linux/4.9.2/crtbegin.o -L/opt/rh/devtoolset-3/root/usr/lib/gcc/x86_64-redhat-linux/4.9.2 -L/opt/rh/devtoolset-3/root/usr/lib/gcc/x86_64-redhat-linux/4.9.2/../../../../lib64 -L/lib/../lib64 -L/usr/lib/../lib64 -L/opt/rh/devtoolset-3/root/usr/lib/gcc/x86_64-redhat-linux/4.9.2/../../.. CMakeFiles/cmTC_b4fb5.dir/CMakeCCompilerABI.c.o -lgcc --as-needed -lgcc_s --no-as-needed -lc -lgcc --as-needed -lgcc_s --no-as-needed /opt/rh/devtoolset-3/root/usr/lib/gcc/x86_64-redhat-linux/4.9.2/crtend.o /lib/../lib64/crtn.o
gmake[1]: Leaving directory `/root/mytest/anredis_c/build/CMakeFiles/CMakeTmp'



Parsed C implicit include dir info from above output: rv=done
  found start of include info
  found start of implicit include info
    add: [/opt/rh/devtoolset-3/root/usr/lib/gcc/x86_64-redhat-linux/4.9.2/include]
    add: [/usr/local/include]
    add: [/opt/rh/devtoolset-3/root/usr/include]
    add: [/usr/include]
  end of search list found
  collapse include dir [/opt/rh/devtoolset-3/root/usr/lib/gcc/x86_64-redhat-linux/4.9.2/include] ==> [/opt/rh/devtoolset-3/root/usr/lib/gcc/x86_64-redhat-linux/4.9.2/include]
  collapse include dir [/usr/local/include] ==> [/usr/local/include]
  collapse include dir [/opt/rh/devtoolset-3/root/usr/include] ==> [/opt/rh/devtoolset-3/root/usr/include]
  collapse include dir [/usr/include] ==> [/usr/include]
  implicit include dirs: [/opt/rh/devtoolset-3/root/usr/lib/gcc/x86_64-redhat-linux/4.9.2/include;/usr/local/include;/opt/rh/devtoolset-3/root/usr/include;/usr/include]


Parsed C implicit link information from above output:
  link line regex: [^( *|.*[/\])(ld|CMAKE_LINK_STARTFILE-NOTFOUND|([^/\]+-)?ld|collect2)[^/\]*( |$)]
  ignore line: [Change Dir: /root/mytest/anredis_c/build/CMakeFiles/CMakeTmp]
  ignore line: []
  ignore line: [Run Build Command(s):/usr/bin/gmake cmTC_b4fb5/fast && /usr/bin/gmake -f CMakeFiles/cmTC_b4fb5.dir/build.make CMakeFiles/cmTC_b4fb5.dir/build]
  ignore line: [gmake[1]: Entering directory `/root/mytest/anredis_c/build/CMakeFiles/CMakeTmp']
  ignore line: [Building C object CMakeFiles/cmTC_b4fb5.dir/CMakeCCompilerABI.c.o]
  ignore line: [/opt/rh/devtoolset-3/root/usr/bin/cc   -v -o CMakeFiles/cmTC_b4fb5.dir/CMakeCCompilerABI.c.o   -c /usr/local/cmake-3.15.5-Linux-x86_64/share/cmake-3.15/Modules/CMakeCCompilerABI.c]
  ignore line: [Using built-in specs.]
  ignore line: [COLLECT_GCC=/opt/rh/devtoolset-3/root/usr/bin/cc]
  ignore line: [Target: x86_64-redhat-linux]
  ignore line: [Configured with: ../configure --prefix=/opt/rh/devtoolset-3/root/usr --mandir=/opt/rh/devtoolset-3/root/usr/share/man --infodir=/opt/rh/devtoolset-3/root/usr/share/info --with-bugurl=http://bugzilla.redhat.com/bugzilla --enable-bootstrap --enable-shared --enable-threads=posix --enable-checking=release --enable-multilib --with-system-zlib --enable-__cxa_atexit --disable-libunwind-exceptions --enable-gnu-unique-object --enable-linker-build-id --enable-languages=c,c++,fortran,lto --enable-plugin --with-linker-hash-style=gnu --enable-initfini-array --disable-libgcj --with-isl=/builddir/build/BUILD/gcc-4.9.2-20150212/obj-x86_64-redhat-linux/isl-install --with-cloog=/builddir/build/BUILD/gcc-4.9.2-20150212/obj-x86_64-redhat-linux/cloog-install --enable-gnu-indirect-function --with-tune=generic --with-arch_32=i686 --build=x86_64-redhat-linux]
  ignore line: [Thread model: posix]
  ignore line: [gcc version 4.9.2 20150212 (Red Hat 4.9.2-6) (GCC) ]
  ignore line: [COLLECT_GCC_OPTIONS='-v' '-o' 'CMakeFiles/cmTC_b4fb5.dir/CMakeCCompilerABI.c.o' '-c' '-mtune=generic' '-march=x86-64']
  ignore line: [ /opt/rh/devtoolset-3/root/usr/libexec/gcc/x86_64-redhat-linux/4.9.2/cc1 -quiet -v /usr/local/cmake-3.15.5-Linux-x86_64/share/cmake-3.15/Modules/CMakeCCompilerABI.c -quiet -dumpbase CMakeCCompilerABI.c -mtune=generic -march=x86-64 -auxbase-strip CMakeFiles/cmTC_b4fb5.dir/CMakeCCompilerABI.c.o -version -o /tmp/ccNnGbBb.s]
  ignore line: [GNU C (GCC) version 4.9.2 20150212 (Red Hat 4.9.2-6) (x86_64-redhat-linux)]
  ignore line: [	compiled by GNU C version 4.9.2 20150212 (Red Hat 4.9.2-6), GMP version 6.0.0, MPFR version 3.1.1, MPC version 1.0.1]
  ignore line: [GGC heuristics: --param ggc-min-expand=100 --param ggc-min-heapsize=131072]
  ignore line: [ignoring nonexistent directory "/opt/rh/devtoolset-3/root/usr/lib/gcc/x86_64-redhat-linux/4.9.2/include-fixed"]
  ignore line: [ignoring nonexistent directory "/opt/rh/devtoolset-3/root/usr/lib/gcc/x86_64-redhat-linux/4.9.2/../../../../x86_64-redhat-linux/include"]
  ignore line: [#include "..." search starts here:]
  ignore line: [#include <...> search starts here:]
  ignore line: [ /opt/rh/devtoolset-3/root/usr/lib/gcc/x86_64-redhat-linux/4.9.2/include]
  ignore line: [ /usr/local/include]
  ignore line: [ /opt/rh/devtoolset-3/root/usr/include]
  ignore line: [ /usr/include]
  ignore line: [End of search list.]
  ignore line: [GNU C (GCC) version 4.9.2 20150212 (Red Hat 4.9.2-6) (x86_64-redhat-linux)]
  ignore line: [	compiled by GNU C version 4.9.2 20150212 (Red Hat 4.9.2-6), GMP version 6.0.0, MPFR version 3.1.1, MPC version 1.0.1]
  ignore line: [GGC heuristics: --param ggc-min-expand=100 --param ggc-min-heapsize=131072]
  ignore line: [Compiler executable checksum: be3eb8157ed7cd76ab99aacea43ea189]
  ignore line: [COLLECT_GCC_OPTIONS='-v' '-o' 'CMakeFiles/cmTC_b4fb5.dir/CMakeCCompilerABI.c.o' '-c' '-mtune=generic' '-march=x86-64']
  ignore line: [ /opt/rh/devtoolset-3/root/usr/libexec/gcc/x86_64-redhat-linux/4.9.2/as -v --64 -o CMakeFiles/cmTC_b4fb5.dir/CMakeCCompilerABI.c.o /tmp/ccNnGbBb.s]
  ignore line: [GNU assembler version 2.24 (x86_64-redhat-linux) using BFD version version 2.24]
  ignore line: [COMPILER_PATH=/opt/rh/devtoolset-3/root/usr/libexec/gcc/x86_64-redhat-linux/4.9.2/:/opt/rh/devtoolset-3/root/usr/libexec/gcc/x86_64-redhat-linux/4.9.2/:/opt/rh/devtoolset-3/root/usr/libexec/gcc/x86_64-redhat-linux/:/opt/rh/devtoolset-3/root/usr/lib/gcc/x86_64-redhat-linux/4.9.2/:/opt/rh/devtoolset-3/root/usr/lib/gcc/x86_64-redhat-linux/]
  ignore line: [LIBRARY_PATH=/opt/rh/devtoolset-3/root/usr/lib/gcc/x86_64-redhat-linux/4.9.2/:/opt/rh/devtoolset-3/root/usr/lib/gcc/x86_64-redhat-linux/4.9.2/../../../../lib64/:/lib/../lib64/:/usr/lib/../lib64/:/opt/rh/devtoolset-3/root/usr/lib/gcc/x86_64-redhat-linux/4.9.2/../../../:/lib/:/usr/lib/]
  ignore line: [COLLECT_GCC_OPTIONS='-v' '-o' 'CMakeFiles/cmTC_b4fb5.dir/CMakeCCompilerABI.c.o' '-c' '-mtune=generic' '-march=x86-64']
  ignore line: [Linking C executable cmTC_b4fb5]
  ignore line: [/usr/local/cmake-3.15.5-Linux-x86_64/bin/cmake -E cmake_link_script CMakeFiles/cmTC_b4fb5.dir/link.txt --verbose=1]
  ignore line: [/opt/rh/devtoolset-3/root/usr/bin/cc     -v CMakeFiles/cmTC_b4fb5.dir/CMakeCCompilerABI.c.o  -o cmTC_b4fb5 ]
  ignore line: [Using built-in specs.]
  ignore line: [COLLECT_GCC=/opt/rh/devtoolset-3/root/usr/bin/cc]
  ignore line: [COLLECT_LTO_WRAPPER=/opt/rh/devtoolset-3/root/usr/libexec/gcc/x86_64-redhat-linux/4.9.2/lto-wrapper]
  ignore line: [Target: x86_64-redhat-linux]
  ignore line: [Configured with: ../configure --prefix=/opt/rh/devtoolset-3/root/usr --mandir=/opt/rh/devtoolset-3/root/usr/share/man --infodir=/opt/rh/devtoolset-3/root/usr/share/info --with-bugurl=http://bugzilla.redhat.com/bugzilla --enable-bootstrap --enable-shared --enable-threads=posix --enable-checking=release --enable-multilib --with-system-zlib --enable-__cxa_atexit --disable-libunwind-exceptions --enable-gnu-unique-object --enable-linker-build-id --enable-languages=c,c++,fortran,lto --enable-plugin --with-linker-hash-style=gnu --enable-initfini-array --disable-libgcj --with-isl=/builddir/build/BUILD/gcc-4.9.2-20150212/obj-x86_64-redhat-linux/isl-install --with-cloog=/builddir/build/BUILD/gcc-4.9.2-20150212/obj-x86_64-redhat-linux/cloog-install --enable-gnu-indirect-function --with-tune=generic --with-arch_32=i686 --build=x86_64-redhat-linux]
  ignore line: [Thread model: posix]
  ignore line: [gcc version 4.9.2 20150212 (Red Hat 4.9.2-6) (GCC) ]
  ignore line: [COMPILER_PATH=/opt/rh/devtoolset-3/root/usr/libexec/gcc/x86_64-redhat-linux/4.9.2/:/opt/rh/devtoolset-3/root/usr/libexec/gcc/x86_64-redhat-linux/4.9.2/:/opt/rh/devtoolset-3/root/usr/libexec/gcc/x86_64-redhat-linux/:/opt/rh/devtoolset-3/root/usr/lib/gcc/x86_64-redhat-linux/4.9.2/:/opt/rh/devtoolset-3/root/usr/lib/gcc/x86_64-redhat-linux/]
  ignore line: [LIBRARY_PATH=/opt/rh/devtoolset-3/root/usr/lib/gcc/x86_64-redhat-linux/4.9.2/:/opt/rh/devtoolset-3/root/usr/lib/gcc/x86_64-redhat-linux/4.9.2/../../../../lib64/:/lib/../lib64/:/usr/lib/../lib64/:/opt/rh/devtoolset-3/root/usr/lib/gcc/x86_64-redhat-linux/4.9.2/../../../:/lib/:/usr/lib/]
  ignore line: [COLLECT_GCC_OPTIONS='-v' '-o' 'cmTC_b4fb5' '-mtune=generic' '-march=x86-64']
  link line: [ /opt/rh/devtoolset-3/root/usr/libexec/gcc/x86_64-redhat-linux/4.9.2/collect2 -plugin /opt/rh/devtoolset-3/root/usr/libexec/gcc/x86_64-redhat-linux/4.9.2/liblto_plugin.so -plugin-opt=/opt/rh/devtoolset-3/root/usr/libexec/gcc/x86_64-redhat-linux/4.9.2/lto-wrapper -plugin-opt=-fresolution=/tmp/ccapobmj.res -plugin-opt=-pass-through=-lgcc -plugin-opt=-pass-through=-lgcc_s -plugin-opt=-pass-through=-lc -plugin-opt=-pass-through=-lgcc -plugin-opt=-pass-through=-lgcc_s --build-id --no-add-needed --eh-frame-hdr --hash-style=gnu -m elf_x86_64 -dynamic-linker /lib64/ld-linux-x86-64.so.2 -o cmTC_b4fb5 /lib/../lib64/crt1.o /lib/../lib64/crti.o /opt/rh/devtoolset-3/root/usr/lib/gcc/x86_64-redhat-linux/4.9.2/crtbegin.o -L/opt/rh/devtoolset-3/root/usr/lib/gcc/x86_64-redhat-linux/4.9.2 -L/opt/rh/devtoolset-3/root/usr/lib/gcc/x86_64-redhat-linux/4.9.2/../../../../lib64 -L/lib/../lib64 -L/usr/lib/../lib64 -L/opt/rh/devtoolset-3/root/usr/lib/gcc/x86_64-redhat-linux/4.9.2/../../.. CMakeFiles/cmTC_b4fb5.dir/CMakeCCompilerABI.c.o -lgcc --as-needed -lgcc_s --no-as-needed -lc -lgcc --as-needed -lgcc_s --no-as-needed /opt/rh/devtoolset-3/root/usr/lib/gcc/x86_64-redhat-linux/4.9.2/crtend.o /lib/../lib64/crtn.o]
    arg [/opt/rh/devtoolset-3/root/usr/libexec/gcc/x86_64-redhat-linux/4.9.2/collect2] ==> ignore
    arg [-plugin] ==> ignore
    arg [/opt/rh/devtoolset-3/root/usr/libexec/gcc/x86_64-redhat-linux/4.9.2/liblto_plugin.so] ==> ignore
    arg [-plugin-opt=/opt/rh/devtoolset-3/root/usr/libexec/gcc/x86_64-redhat-linux/4.9.2/lto-wrapper] ==> ignore
    arg [-plugin-opt=-fresolution=/tmp/ccapobmj.res] ==> ignore
    arg [-plugin-opt=-pass-through=-lgcc] ==> ignore
    arg [-plugin-opt=-pass-through=-lgcc_s] ==> ignore
    arg [-plugin-opt=-pass-through=-lc] ==> ignore
    arg [-plugin-opt=-pass-through=-lgcc] ==> ignore
    arg [-plugin-opt=-pass-through=-lgcc_s] ==> ignore
    arg [--build-id] ==> ignore
    arg [--no-add-needed] ==> ignore
    arg [--eh-frame-hdr] ==> ignore
    arg [--hash-style=gnu] ==> ignore
    arg [-m] ==> ignore
    arg [elf_x86_64] ==> ignore
    arg [-dynamic-linker] ==> ignore
    arg [/lib64/ld-linux-x86-64.so.2] ==> ignore
    arg [-o] ==> ignore
    arg [cmTC_b4fb5] ==> ignore
    arg [/lib/../lib64/crt1.o] ==> ignore
    arg [/lib/../lib64/crti.o] ==> ignore
    arg [/opt/rh/devtoolset-3/root/usr/lib/gcc/x86_64-redhat-linux/4.9.2/crtbegin.o] ==> ignore
    arg [-L/opt/rh/devtoolset-3/root/usr/lib/gcc/x86_64-redhat-linux/4.9.2] ==> dir [/opt/rh/devtoolset-3/root/usr/lib/gcc/x86_64-redhat-linux/4.9.2]
    arg [-L/opt/rh/devtoolset-3/root/usr/lib/gcc/x86_64-redhat-linux/4.9.2/../../../../lib64] ==> dir [/opt/rh/devtoolset-3/root/usr/lib/gcc/x86_64-redhat-linux/4.9.2/../../../../lib64]
    arg [-L/lib/../lib64] ==> dir [/lib/../lib64]
    arg [-L/usr/lib/../lib64] ==> dir [/usr/lib/../lib64]
    arg [-L/opt/rh/devtoolset-3/root/usr/lib/gcc/x86_64-redhat-linux/4.9.2/../../..] ==> dir [/opt/rh/devtoolset-3/root/usr/lib/gcc/x86_64-redhat-linux/4.9.2/../../..]
    arg [CMakeFiles/cmTC_b4fb5.dir/CMakeCCompilerABI.c.o] ==> ignore
    arg [-lgcc] ==> lib [gcc]
    arg [--as-needed] ==> ignore
    arg [-lgcc_s] ==> lib [gcc_s]
    arg [--no-as-needed] ==> ignore
    arg [-lc] ==> lib [c]
    arg [-lgcc] ==> lib [gcc]
    arg [--as-needed] ==> ignore
    arg [-lgcc_s] ==> lib [gcc_s]
    arg [--no-as-needed] ==> ignore
    arg [/opt/rh/devtoolset-3/root/usr/lib/gcc/x86_64-redhat-linux/4.9.2/crtend.o] ==> ignore
    arg [/lib/../lib64/crtn.o] ==> ignore
  collapse library dir [/opt/rh/devtoolset-3/root/usr/lib/gcc/x86_64-redhat-linux/4.9.2] ==> [/opt/rh/devtoolset-3/root/usr/lib/gcc/x86_64-redhat-linux/4.9.2]
  collapse library dir [/opt/rh/devtoolset-3/root/usr/lib/gcc/x86_64-redhat-linux/4.9.2/../../../../lib64] ==> [/opt/rh/devtoolset-3/root/usr/lib64]
  collapse library dir [/lib/../lib64] ==> [/lib64]
  collapse library dir [/usr/lib/../lib64] ==> [/usr/lib64]
  collapse library dir [/opt/rh/devtoolset-3/root/usr/lib/gcc/x86_64-redhat-linux/4.9.2/../../..] ==> [/opt/rh/devtoolset-3/root/usr/lib]
  implicit libs: [gcc;gcc_s;c;gcc;gcc_s]
  implicit dirs: [/opt/rh/devtoolset-3/root/usr/lib/gcc/x86_64-redhat-linux/4.9.2;/opt/rh/devtoolset-3/root/usr/lib64;/lib64;/usr/lib64;/opt/rh/devtoolset-3/root/usr/lib]
  implicit fwks: []


Determining if the CXX compiler works passed with the following output:
Change Dir: /root/mytest/anredis_c/build/CMakeFiles/CMakeTmp

Run Build Command(s):/usr/bin/gmake cmTC_547e5/fast && /usr/bin/gmake -f CMakeFiles/cmTC_547e5.dir/build.make CMakeFiles/cmTC_547e5.dir/build
gmake[1]: 进入目录“/root/mytest/anredis_c/build/CMakeFiles/CMakeTmp”
Building CXX object CMakeFiles/cmTC_547e5.dir/testCXXCompiler.cxx.o
/opt/rh/devtoolset-3/root/usr/bin/c++     -o CMakeFiles/cmTC_547e5.dir/testCXXCompiler.cxx.o -c /root/mytest/anredis_c/build/CMakeFiles/CMakeTmp/testCXXCompiler.cxx
Linking CXX executable cmTC_547e5
/usr/local/cmake-3.15.5-Linux-x86_64/bin/cmake -E cmake_link_script CMakeFiles/cmTC_547e5.dir/link.txt --verbose=1
/opt/rh/devtoolset-3/root/usr/bin/c++       CMakeFiles/cmTC_547e5.dir/testCXXCompiler.cxx.o  -o cmTC_547e5 
gmake[1]: 离开目录“/root/mytest/anredis_c/build/CMakeFiles/CMakeTmp”



Detecting CXX compiler ABI info compiled with the following output:
Change Dir: /root/mytest/anredis_c/build/CMakeFiles/CMakeTmp

Run Build Command(s):/usr/bin/gmake cmTC_e7fef/fast && /usr/bin/gmake -f CMakeFiles/cmTC_e7fef.dir/build.make CMakeFiles/cmTC_e7fef.dir/build
gmake[1]: Entering directory `/root/mytest/anredis_c/build/CMakeFiles/CMakeTmp'
Building CXX object CMakeFiles/cmTC_e7fef.dir/CMakeCXXCompilerABI.cpp.o
/opt/rh/devtoolset-3/root/usr/bin/c++    -v -o CMakeFiles/cmTC_e7fef.dir/CMakeCXXCompilerABI.cpp.o -c /usr/local/cmake-3.15.5-Linux-x86_64/share/cmake-3.15/Modules/CMakeCXXCompilerABI.cpp
Using built-in specs.
COLLECT_GCC=/opt/rh/devtoolset-3/root/usr/bin/c++
Target: x86_64-redhat-linux
Configured with: ../configure --prefix=/opt/rh/devtoolset-3/root/usr --mandir=/opt/rh/devtoolset-3/root/usr/share/man --infodir=/opt/rh/devtoolset-3/root/usr/share/info --with-bugurl=http://bugzilla.redhat.com/bugzilla --enable-bootstrap --enable-shared --enable-threads=posix --enable-checking=release --enable-multilib --with-system-zlib --enable-__cxa_atexit --disable-libunwind-exceptions --enable-gnu-unique-object --enable-linker-build-id --enable-languages=c,c++,fortran,lto --enable-plugin --with-linker-hash-style=gnu --enable-initfini-array --disable-libgcj --with-isl=/builddir/build/BUILD/gcc-4.9.2-20150212/obj-x86_64-redhat-linux/isl-install --with-cloog=/builddir/build/BUILD/gcc-4.9.2-20150212/obj-x86_64-redhat-linux/cloog-install --enable-gnu-indirect-function --with-tune=generic --with-arch_32=i686 --build=x86_64-redhat-linux
Thread model: posix
gcc version 4.9.2 20150212 (Red Hat 4.9.2-6) (GCC) 
COLLECT_GCC_OPTIONS='-v' '-o' 'CMakeFiles/cmTC_e7fef.dir/CMakeCXXCompilerABI.cpp.o' '-c' '-shared-libgcc' '-mtune=generic' '-march=x86-64'
 /opt/rh/devtoolset-3/root/usr/libexec/gcc/x86_64-redhat-linux/4.9.2/cc1plus -quiet -v -D_GNU_SOURCE /usr/local/cmake-3.15.5-Linux-x86_64/share/cmake-3.15/Modules/CMakeCXXCompilerABI.cpp -quiet -dumpbase CMakeCXXCompilerABI.cpp -mtune=generic -march=x86-64 -auxbase-strip CMakeFiles/cmTC_e7fef.dir/CMakeCXXCompilerABI.cpp.o -version -o /tmp/ccwOm3Vt.s
GNU C++ (GCC) version 4.9.2 20150212 (Red Hat 4.9.2-6) (x86_64-redhat-linux)
	compiled by GNU C version 4.9.2 20150212 (Red Hat 4.9.2-6), GMP version 6.0.0, MPFR version 3.1.1, MPC version 1.0.1
GGC heuristics: --param ggc-min-expand=100 --param ggc-min-heapsize=131072
ignoring nonexistent directory "/opt/rh/devtoolset-3/root/usr/lib/gcc/x86_64-redhat-linux/4.9.2/include-fixed"
ignoring nonexistent directory "/opt/rh/devtoolset-3/root/usr/lib/gcc/x86_64-redhat-linux/4.9.2/../../../../x86_64-redhat-linux/include"
#include "..." search starts here:
#include <...> search starts here:
 /opt/rh/devtoolset-3/root/usr/lib/gcc/x86_64-redhat-linux/4.9.2/../../../../include/c++/4.9.2
 /opt/rh/devtoolset-3/root/usr/lib/gcc/x86_64-redhat-linux/4.9.2/../../../../include/c++/4.9.2/x86_64-redhat-linux
 /opt/rh/devtoolset-3/root/usr/lib/gcc/x86_64-redhat-linux/4.9.2/../../../../include/c++/4.9.2/backward
 /opt/rh/devtoolset-3/root/usr/lib/gcc/x86_64-redhat-linux/4.9.2/include
 /usr/local/include
 /opt/rh/devtoolset-3/root/usr/include
 /usr/include
End of search list.
GNU C++ (GCC) version 4.9.2 20150212 (Red Hat 4.9.2-6) (x86_64-redhat-linux)
	compiled by GNU C version 4.9.2 20150212 (Red Hat 4.9.2-6), GMP version 6.0.0, MPFR version 3.1.1, MPC version 1.0.1
GGC heuristics: --param ggc-min-expand=100 --param ggc-min-heapsize=131072
Compiler executable checksum: e92f9690a159bd4c9b2a4db6c24c8d8f
COLLECT_GCC_OPTIONS='-v' '-o' 'CMakeFiles/cmTC_e7fef.dir/CMakeCXXCompilerABI.cpp.o' '-c' '-shared-libgcc' '-mtune=generic' '-march=x86-64'
 /opt/rh/devtoolset-3/root/usr/libexec/gcc/x86_64-redhat-linux/4.9.2/as -v --64 -o CMakeFiles/cmTC_e7fef.dir/CMakeCXXCompilerABI.cpp.o /tmp/ccwOm3Vt.s
GNU assembler version 2.24 (x86_64-redhat-linux) using BFD version version 2.24
COMPILER_PATH=/opt/rh/devtoolset-3/root/usr/libexec/gcc/x86_64-redhat-linux/4.9.2/:/opt/rh/devtoolset-3/root/usr/libexec/gcc/x86_64-redhat-linux/4.9.2/:/opt/rh/devtoolset-3/root/usr/libexec/gcc/x86_64-redhat-linux/:/opt/rh/devtoolset-3/root/usr/lib/gcc/x86_64-redhat-linux/4.9.2/:/opt/rh/devtoolset-3/root/usr/lib/gcc/x86_64-redhat-linux/
LIBRARY_PATH=/opt/rh/devtoolset-3/root/usr/lib/gcc/x86_64-redhat-linux/4.9.2/:/opt/rh/devtoolset-3/root/usr/lib/gcc/x86_64-redhat-linux/4.9.2/../../../../lib64/:/lib/../lib64/:/usr/lib/../lib64/:/opt/rh/devtoolset-3/root/usr/lib/gcc/x86_64-redhat-linux/4.9.2/../../../:/lib/:/usr/lib/
COLLECT_GCC_OPTIONS='-v' '-o' 'CMakeFiles/cmTC_e7fef.dir/CMakeCXXCompilerABI.cpp.o' '-c' '-shared-libgcc' '-mtune=generic' '-march=x86-64'
Linking CXX executable cmTC_e7fef
/usr/local/cmake-3.15.5-Linux-x86_64/bin/cmake -E cmake_link_script CMakeFiles/cmTC_e7fef.dir/link.txt --verbose=1
/opt/rh/devtoolset-3/root/usr/bin/c++      -v CMakeFiles/cmTC_e7fef.dir/CMakeCXXCompilerABI.cpp.o  -o cmTC_e7fef 
Using built-in specs.
COLLECT_GCC=/opt/rh/devtoolset-3/root/usr/bin/c++
COLLECT_LTO_WRAPPER=/opt/rh/devtoolset-3/root/usr/libexec/gcc/x86_64-redhat-linux/4.9.2/lto-wrapper
Target: x86_64-redhat-linux
Configured with: ../configure --prefix=/opt/rh/devtoolset-3/root/usr --mandir=/opt/rh/devtoolset-3/root/usr/share/man --infodir=/opt/rh/devtoolset-3/root/usr/share/info --with-bugurl=http://bugzilla.redhat.com/bugzilla --enable-bootstrap --enable-shared --enable-threads=posix --enable-checking=release --enable-multilib --with-system-zlib --enable-__cxa_atexit --disable-libunwind-exceptions --enable-gnu-unique-object --enable-linker-build-id --enable-languages=c,c++,fortran,lto --enable-plugin --with-linker-hash-style=gnu --enable-initfini-array --disable-libgcj --with-isl=/builddir/build/BUILD/gcc-4.9.2-20150212/obj-x86_64-redhat-linux/isl-install --with-cloog=/builddir/build/BUILD/gcc-4.9.2-20150212/obj-x86_64-redhat-linux/cloog-install --enable-gnu-indirect-function --with-tune=generic --with-arch_32=i686 --build=x86_64-redhat-linux
Thread model: posix
gcc version 4.9.2 20150212 (Red Hat 4.9.2-6) (GCC) 
COMPILER_PATH=/opt/rh/devtoolset-3/root/usr/libexec/gcc/x86_64-redhat-linux/4.9.2/:/opt/rh/devtoolset-3/root/usr/libexec/gcc/x86_64-redhat-linux/4.9.2/:/opt/rh/devtoolset-3/root/usr/libexec/gcc/x86_64-redhat-linux/:/opt/rh/devtoolset-3/root/usr/lib/gcc/x86_64-redhat-linux/4.9.2/:/opt/rh/devtoolset-3/root/usr/lib/gcc/x86_64-redhat-linux/
LIBRARY_PATH=/opt/rh/devtoolset-3/root/usr/lib/gcc/x86_64-redhat-linux/4.9.2/:/opt/rh/devtoolset-3/root/usr/lib/gcc/x86_64-redhat-linux/4.9.2/../../../../lib64/:/lib/../lib64/:/usr/lib/../lib64/:/opt/rh/devtoolset-3/root/usr/lib/gcc/x86_64-redhat-linux/4.9.2/../../../:/lib/:/usr/lib/
COLLECT_GCC_OPTIONS='-v' '-o' 'cmTC_e7fef' '-shared-libgcc' '-mtune=generic' '-march=x86-64'
 /opt/rh/devtoolset-3/root/usr/libexec/gcc/x86_64-redhat-linux/4.9.2/collect2 -plugin /opt/rh/devtoolset-3/root/usr/libexec/gcc/x86_64-redhat-linux/4.9.2/liblto_plugin.so -plugin-opt=/opt/rh/devtoolset-3/root/usr/libexec/gcc/x86_64-redhat-linux/4.9.2/lto-wrapper -plugin-opt=-fresolution=/tmp/cc5hn8hw.res -plugin-opt=-pass-through=-lgcc_s -plugin-opt=-pass-through=-lgcc -plugin-opt=-pass-through=-lc -plugin-opt=-pass-through=-lgcc_s -plugin-opt=-pass-through=-lgcc --build-id --no-add-needed --eh-frame-hdr --hash-style=gnu -m elf_x86_64 -dynamic-linker /lib64/ld-linux-x86-64.so.2 -o cmTC_e7fef /lib/../lib64/crt1.o /lib/../lib64/crti.o /opt/rh/devtoolset-3/root/usr/lib/gcc/x86_64-redhat-linux/4.9.2/crtbegin.o -L/opt/rh/devtoolset-3/root/usr/lib/gcc/x86_64-redhat-linux/4.9.2 -L/opt/rh/devtoolset-3/root/usr/lib/gcc/x86_64-redhat-linux/4.9.2/../../../../lib64 -L/lib/../lib64 -L/usr/lib/../lib64 -L/opt/rh/devtoolset-3/root/usr/lib/gcc/x86_64-redhat-linux/4.9.2/../../.. CMakeFiles/cmTC_e7fef.dir/CMakeCXXCompilerABI.cpp.o -lstdc++ -lm -lgcc_s -lgcc -lc -lgcc_s -lgcc /opt/rh/devtoolset-3/root/usr/lib/gcc/x86_64-redhat-linux/4.9.2/crtend.o /lib/../lib64/crtn.o
gmake[1]: Leaving directory `/root/mytest/anredis_c/build/CMakeFiles/CMakeTmp'



Parsed CXX implicit include dir info from above output: rv=done
  found start of include info
  found start of implicit include info
    add: [/opt/rh/devtoolset-3/root/usr/lib/gcc/x86_64-redhat-linux/4.9.2/../../../../include/c++/4.9.2]
    add: [/opt/rh/devtoolset-3/root/usr/lib/gcc/x86_64-redhat-linux/4.9.2/../../../../include/c++/4.9.2/x86_64-redhat-linux]
    add: [/opt/rh/devtoolset-3/root/usr/lib/gcc/x86_64-redhat-linux/4.9.2/../../../../include/c++/4.9.2/backward]
    add: [/opt/rh/devtoolset-3/root/usr/lib/gcc/x86_64-redhat-linux/4.9.2/include]
    add: [/usr/local/include]
    add: [/opt/rh/devtoolset-3/root/usr/include]
    add: [/usr/include]
  end of search list found
  collapse include dir [/opt/rh/devtoolset-3/root/usr/lib/gcc/x86_64-redhat-linux/4.9.2/../../../../include/c++/4.9.2] ==> [/opt/rh/devtoolset-3/root/usr/include/c++/4.9.2]
  collapse include dir [/opt/rh/devtoolset-3/root/usr/lib/gcc/x86_64-redhat-linux/4.9.2/../../../../include/c++/4.9.2/x86_64-redhat-linux] ==> [/opt/rh/devtoolset-3/root/usr/include/c++/4.9.2/x86_64-redhat-linux]
  collapse include dir [/opt/rh/devtoolset-3/root/usr/lib/gcc/x86_64-redhat-linux/4.9.2/../../../../include/c++/4.9.2/backward] ==> [/opt/rh/devtoolset-3/root/usr/include/c++/4.9.2/backward]
  collapse include dir [/opt/rh/devtoolset-3/root/usr/lib/gcc/x86_64-redhat-linux/4.9.2/include] ==> [/opt/rh/devtoolset-3/root/usr/lib/gcc/x86_64-redhat-linux/4.9.2/include]
  collapse include dir [/usr/local/include] ==> [/usr/local/include]
  collapse include dir [/opt/rh/devtoolset-3/root/usr/include] ==> [/opt/rh/devtoolset-3/root/usr/include]
  collapse include dir [/usr/include] ==> [/usr/include]
  implicit include dirs: [/opt/rh/devtoolset-3/root/usr/include/c++/4.9.2;/opt/rh/devtoolset-3/root/usr/include/c++/4.9.2/x86_64-redhat-linux;/opt/rh/devtoolset-3/root/usr/include/c++/4.9.2/backward;/opt/rh/devtoolset-3/root/usr/lib/gcc/x86_64-redhat-linux/4.9.2/include;/usr/local/include;/opt/rh/devtoolset-3/root/usr/include;/usr/include]


Parsed CXX implicit link information from above output:
  link line regex: [^( *|.*[/\])(ld|CMAKE_LINK_STARTFILE-NOTFOUND|([^/\]+-)?ld|collect2)[^/\]*( |$)]
  ignore line: [Change Dir: /root/mytest/anredis_c/build/CMakeFiles/CMakeTmp]
  ignore line: []
  ignore line: [Run Build Command(s):/usr/bin/gmake cmTC_e7fef/fast && /usr/bin/gmake -f CMakeFiles/cmTC_e7fef.dir/build.make CMakeFiles/cmTC_e7fef.dir/build]
  ignore line: [gmake[1]: Entering directory `/root/mytest/anredis_c/build/CMakeFiles/CMakeTmp']
  ignore line: [Building CXX object CMakeFiles/cmTC_e7fef.dir/CMakeCXXCompilerABI.cpp.o]
  ignore line: [/opt/rh/devtoolset-3/root/usr/bin/c++    -v -o CMakeFiles/cmTC_e7fef.dir/CMakeCXXCompilerABI.cpp.o -c /usr/local/cmake-3.15.5-Linux-x86_64/share/cmake-3.15/Modules/CMakeCXXCompilerABI.cpp]
  ignore line: [Using built-in specs.]
  ignore line: [COLLECT_GCC=/opt/rh/devtoolset-3/root/usr/bin/c++]
  ignore line: [Target: x86_64-redhat-linux]
  ignore line: [Configured with: ../configure --prefix=/opt/rh/devtoolset-3/root/usr --mandir=/opt/rh/devtoolset-3/root/usr/share/man --infodir=/opt/rh/devtoolset-3/root/usr/share/info --with-bugurl=http://bugzilla.redhat.com/bugzilla --enable-bootstrap --enable-shared --enable-threads=posix --enable-checking=release --enable-multilib --with-system-zlib --enable-__cxa_atexit --disable-libunwind-exceptions --enable-gnu-unique-object --enable-linker-build-id --enable-languages=c,c++,fortran,lto --enable-plugin --with-linker-hash-style=gnu --enable-initfini-array --disable-libgcj --with-isl=/builddir/build/BUILD/gcc-4.9.2-20150212/obj-x86_64-redhat-linux/isl-install --with-cloog=/builddir/build/BUILD/gcc-4.9.2-20150212/obj-x86_64-redhat-linux/cloog-install --enable-gnu-indirect-function --with-tune=generic --with-arch_32=i686 --build=x86_64-redhat-linux]
  ignore line: [Thread model: posix]
  ignore line: [gcc version 4.9.2 20150212 (Red Hat 4.9.2-6) (GCC) ]
  ignore line: [COLLECT_GCC_OPTIONS='-v' '-o' 'CMakeFiles/cmTC_e7fef.dir/CMakeCXXCompilerABI.cpp.o' '-c' '-shared-libgcc' '-mtune=generic' '-march=x86-64']
  ignore line: [ /opt/rh/devtoolset-3/root/usr/libexec/gcc/x86_64-redhat-linux/4.9.2/cc1plus -quiet -v -D_GNU_SOURCE /usr/local/cmake-3.15.5-Linux-x86_64/share/cmake-3.15/Modules/CMakeCXXCompilerABI.cpp -quiet -dumpbase CMakeCXXCompilerABI.cpp -mtune=generic -march=x86-64 -auxbase-strip CMakeFiles/cmTC_e7fef.dir/CMakeCXXCompilerABI.cpp.o -version -o /tmp/ccwOm3Vt.s]
  ignore line: [GNU C++ (GCC) version 4.9.2 20150212 (Red Hat 4.9.2-6) (x86_64-redhat-linux)]
  ignore line: [	compiled by GNU C version 4.9.2 20150212 (Red Hat 4.9.2-6), GMP version 6.0.0, MPFR version 3.1.1, MPC version 1.0.1]
  ignore line: [GGC heuristics: --param ggc-min-expand=100 --param ggc-min-heapsize=131072]
  ignore line: [ignoring nonexistent directory "/opt/rh/devtoolset-3/root/usr/lib/gcc/x86_64-redhat-linux/4.9.2/include-fixed"]
  ignore line: [ignoring nonexistent directory "/opt/rh/devtoolset-3/root/usr/lib/gcc/x86_64-redhat-linux/4.9.2/../../../../x86_64-redhat-linux/include"]
  ignore line: [#include "..." search starts here:]
  ignore line: [#include <...> search starts here:]
  ignore line: [ /opt/rh/devtoolset-3/root/usr/lib/gcc/x86_64-redhat-linux/4.9.2/../../../../include/c++/4.9.2]
  ignore line: [ /opt/rh/devtoolset-3/root/usr/lib/gcc/x86_64-redhat-linux/4.9.2/../../../../include/c++/4.9.2/x86_64-redhat-linux]
  ignore line: [ /opt/rh/devtoolset-3/root/usr/lib/gcc/x86_64-redhat-linux/4.9.2/../../../../include/c++/4.9.2/backward]
  ignore line: [ /opt/rh/devtoolset-3/root/usr/lib/gcc/x86_64-redhat-linux/4.9.2/include]
  ignore line: [ /usr/local/include]
  ignore line: [ /opt/rh/devtoolset-3/root/usr/include]
  ignore line: [ /usr/include]
  ignore line: [End of search list.]
  ignore line: [GNU C++ (GCC) version 4.9.2 20150212 (Red Hat 4.9.2-6) (x86_64-redhat-linux)]
  ignore line: [	compiled by GNU C version 4.9.2 20150212 (Red Hat 4.9.2-6), GMP version 6.0.0, MPFR version 3.1.1, MPC version 1.0.1]
  ignore line: [GGC heuristics: --param ggc-min-expand=100 --param ggc-min-heapsize=131072]
  ignore line: [Compiler executable checksum: e92f9690a159bd4c9b2a4db6c24c8d8f]
  ignore line: [COLLECT_GCC_OPTIONS='-v' '-o' 'CMakeFiles/cmTC_e7fef.dir/CMakeCXXCompilerABI.cpp.o' '-c' '-shared-libgcc' '-mtune=generic' '-march=x86-64']
  ignore line: [ /opt/rh/devtoolset-3/root/usr/libexec/gcc/x86_64-redhat-linux/4.9.2/as -v --64 -o CMakeFiles/cmTC_e7fef.dir/CMakeCXXCompilerABI.cpp.o /tmp/ccwOm3Vt.s]
  ignore line: [GNU assembler version 2.24 (x86_64-redhat-linux) using BFD version version 2.24]
  ignore line: [COMPILER_PATH=/opt/rh/devtoolset-3/root/usr/libexec/gcc/x86_64-redhat-linux/4.9.2/:/opt/rh/devtoolset-3/root/usr/libexec/gcc/x86_64-redhat-linux/4.9.2/:/opt/rh/devtoolset-3/root/usr/libexec/gcc/x86_64-redhat-linux/:/opt/rh/devtoolset-3/root/usr/lib/gcc/x86_64-redhat-linux/4.9.2/:/opt/rh/devtoolset-3/root/usr/lib/gcc/x86_64-redhat-linux/]
  ignore line: [LIBRARY_PATH=/opt/rh/devtoolset-3/root/usr/lib/gcc/x86_64-redhat-linux/4.9.2/:/opt/rh/devtoolset-3/root/usr/lib/gcc/x86_64-redhat-linux/4.9.2/../../../../lib64/:/lib/../lib64/:/usr/lib/../lib64/:/opt/rh/devtoolset-3/root/usr/lib/gcc/x86_64-redhat-linux/4.9.2/../../../:/lib/:/usr/lib/]
  ignore line: [COLLECT_GCC_OPTIONS='-v' '-o' 'CMakeFiles/cmTC_e7fef.dir/CMakeCXXCompilerABI.cpp.o' '-c' '-shared-libgcc' '-mtune=generic' '-march=x86-64']
  ignore line: [Linking CXX executable cmTC_e7fef]
  ignore line: [/usr/local/cmake-3.15.5-Linux-x86_64/bin/cmake -E cmake_link_script CMakeFiles/cmTC_e7fef.dir/link.txt --verbose=1]
  ignore line: [/opt/rh/devtoolset-3/root/usr/bin/c++      -v CMakeFiles/cmTC_e7fef.dir/CMakeCXXCompilerABI.cpp.o  -o cmTC_e7fef ]
  ignore line: [Using built-in specs.]
  ignore line: [COLLECT_GCC=/opt/rh/devtoolset-3/root/usr/bin/c++]
  ignore line: [COLLECT_LTO_WRAPPER=/opt/rh/devtoolset-3/root/usr/libexec/gcc/x86_64-redhat-linux/4.9.2/lto-wrapper]
  ignore line: [Target: x86_64-redhat-linux]
  ignore line: [Configured with: ../configure --prefix=/opt/rh/devtoolset-3/root/usr --mandir=/opt/rh/devtoolset-3/root/usr/share/man --infodir=/opt/rh/devtoolset-3/root/usr/share/info --with-bugurl=http://bugzilla.redhat.com/bugzilla --enable-bootstrap --enable-shared --enable-threads=posix --enable-checking=release --enable-multilib --with-system-zlib --enable-__cxa_atexit --disable-libunwind-exceptions --enable-gnu-unique-object --enable-linker-build-id --enable-languages=c,c++,fortran,lto --enable-plugin --with-linker-hash-style=gnu --enable-initfini-array --disable-libgcj --with-isl=/builddir/build/BUILD/gcc-4.9.2-20150212/obj-x86_64-redhat-linux/isl-install --with-cloog=/builddir/build/BUILD/gcc-4.9.2-20150212/obj-x86_64-redhat-linux/cloog-install --enable-gnu-indirect-function --with-tune=generic --with-arch_32=i686 --build=x86_64-redhat-linux]
  ignore line: [Thread model: posix]
  ignore line: [gcc version 4.9.2 20150212 (Red Hat 4.9.2-6) (GCC) ]
  ignore line: [COMPILER_PATH=/opt/rh/devtoolset-3/root/usr/libexec/gcc/x86_64-redhat-linux/4.9.2/:/opt/rh/devtoolset-3/root/usr/libexec/gcc/x86_64-redhat-linux/4.9.2/:/opt/rh/devtoolset-3/root/usr/libexec/gcc/x86_64-redhat-linux/:/opt/rh/devtoolset-3/root/usr/lib/gcc/x86_64-redhat-linux/4.9.2/:/opt/rh/devtoolset-3/root/usr/lib/gcc/x86_64-redhat-linux/]
  ignore line: [LIBRARY_PATH=/opt/rh/devtoolset-3/root/usr/lib/gcc/x86_64-redhat-linux/4.9.2/:/opt/rh/devtoolset-3/root/usr/lib/gcc/x86_64-redhat-linux/4.9.2/../../../../lib64/:/lib/../lib64/:/usr/lib/../lib64/:/opt/rh/devtoolset-3/root/usr/lib/gcc/x86_64-redhat-linux/4.9.2/../../../:/lib/:/usr/lib/]
  ignore line: [COLLECT_GCC_OPTIONS='-v' '-o' 'cmTC_e7fef' '-shared-libgcc' '-mtune=generic' '-march=x86-64']
  link line: [ /opt/rh/devtoolset-3/root/usr/libexec/gcc/x86_64-redhat-linux/4.9.2/collect2 -plugin /opt/rh/devtoolset-3/root/usr/libexec/gcc/x86_64-redhat-linux/4.9.2/liblto_plugin.so -plugin-opt=/opt/rh/devtoolset-3/root/usr/libexec/gcc/x86_64-redhat-linux/4.9.2/lto-wrapper -plugin-opt=-fresolution=/tmp/cc5hn8hw.res -plugin-opt=-pass-through=-lgcc_s -plugin-opt=-pass-through=-lgcc -plugin-opt=-pass-through=-lc -plugin-opt=-pass-through=-lgcc_s -plugin-opt=-pass-through=-lgcc --build-id --no-add-needed --eh-frame-hdr --hash-style=gnu -m elf_x86_64 -dynamic-linker /lib64/ld-linux-x86-64.so.2 -o cmTC_e7fef /lib/../lib64/crt1.o /lib/../lib64/crti.o /opt/rh/devtoolset-3/root/usr/lib/gcc/x86_64-redhat-linux/4.9.2/crtbegin.o -L/opt/rh/devtoolset-3/root/usr/lib/gcc/x86_64-redhat-linux/4.9.2 -L/opt/rh/devtoolset-3/root/usr/lib/gcc/x86_64-redhat-linux/4.9.2/../../../../lib64 -L/lib/../lib64 -L/usr/lib/../lib64 -L/opt/rh/devtoolset-3/root/usr/lib/gcc/x86_64-redhat-linux/4.9.2/../../.. CMakeFiles/cmTC_e7fef.dir/CMakeCXXCompilerABI.cpp.o -lstdc++ -lm -lgcc_s -lgcc -lc -lgcc_s -lgcc /opt/rh/devtoolset-3/root/usr/lib/gcc/x86_64-redhat-linux/4.9.2/crtend.o /lib/../lib64/crtn.o]
    arg [/opt/rh/devtoolset-3/root/usr/libexec/gcc/x86_64-redhat-linux/4.9.2/collect2] ==> ignore
    arg [-plugin] ==> ignore
    arg [/opt/rh/devtoolset-3/root/usr/libexec/gcc/x86_64-redhat-linux/4.9.2/liblto_plugin.so] ==> ignore
    arg [-plugin-opt=/opt/rh/devtoolset-3/root/usr/libexec/gcc/x86_64-redhat-linux/4.9.2/lto-wrapper] ==> ignore
    arg [-plugin-opt=-fresolution=/tmp/cc5hn8hw.res] ==> ignore
    arg [-plugin-opt=-pass-through=-lgcc_s] ==> ignore
    arg [-plugin-opt=-pass-through=-lgcc] ==> ignore
    arg [-plugin-opt=-pass-through=-lc] ==> ignore
    arg [-plugin-opt=-pass-through=-lgcc_s] ==> ignore
    arg [-plugin-opt=-pass-through=-lgcc] ==> ignore
    arg [--build-id] ==> ignore
    arg [--no-add-needed] ==> ignore
    arg [--eh-frame-hdr] ==> ignore
    arg [--hash-style=gnu] ==> ignore
    arg [-m] ==> ignore
    arg [elf_x86_64] ==> ignore
    arg [-dynamic-linker] ==> ignore
    arg [/lib64/ld-linux-x86-64.so.2] ==> ignore
    arg [-o] ==> ignore
    arg [cmTC_e7fef] ==> ignore
    arg [/lib/../lib64/crt1.o] ==> ignore
    arg [/lib/../lib64/crti.o] ==> ignore
    arg [/opt/rh/devtoolset-3/root/usr/lib/gcc/x86_64-redhat-linux/4.9.2/crtbegin.o] ==> ignore
    arg [-L/opt/rh/devtoolset-3/root/usr/lib/gcc/x86_64-redhat-linux/4.9.2] ==> dir [/opt/rh/devtoolset-3/root/usr/lib/gcc/x86_64-redhat-linux/4.9.2]
    arg [-L/opt/rh/devtoolset-3/root/usr/lib/gcc/x86_64-redhat-linux/4.9.2/../../../../lib64] ==> dir [/opt/rh/devtoolset-3/root/usr/lib/gcc/x86_64-redhat-linux/4.9.2/../../../../lib64]
    arg [-L/lib/../lib64] ==> dir [/lib/../lib64]
    arg [-L/usr/lib/../lib64] ==> dir [/usr/lib/../lib64]
    arg [-L/opt/rh/devtoolset-3/root/usr/lib/gcc/x86_64-redhat-linux/4.9.2/../../..] ==> dir [/opt/rh/devtoolset-3/root/usr/lib/gcc/x86_64-redhat-linux/4.9.2/../../..]
    arg [CMakeFiles/cmTC_e7fef.dir/CMakeCXXCompilerABI.cpp.o] ==> ignore
    arg [-lstdc++] ==> lib [stdc++]
    arg [-lm] ==> lib [m]
    arg [-lgcc_s] ==> lib [gcc_s]
    arg [-lgcc] ==> lib [gcc]
    arg [-lc] ==> lib [c]
    arg [-lgcc_s] ==> lib [gcc_s]
    arg [-lgcc] ==> lib [gcc]
    arg [/opt/rh/devtoolset-3/root/usr/lib/gcc/x86_64-redhat-linux/4.9.2/crtend.o] ==> ignore
    arg [/lib/../lib64/crtn.o] ==> ignore
  collapse library dir [/opt/rh/devtoolset-3/root/usr/lib/gcc/x86_64-redhat-linux/4.9.2] ==> [/opt/rh/devtoolset-3/root/usr/lib/gcc/x86_64-redhat-linux/4.9.2]
  collapse library dir [/opt/rh/devtoolset-3/root/usr/lib/gcc/x86_64-redhat-linux/4.9.2/../../../../lib64] ==> [/opt/rh/devtoolset-3/root/usr/lib64]
  collapse library dir [/lib/../lib64] ==> [/lib64]
  collapse library dir [/usr/lib/../lib64] ==> [/usr/lib64]
  collapse library dir [/opt/rh/devtoolset-3/root/usr/lib/gcc/x86_64-redhat-linux/4.9.2/../../..] ==> [/opt/rh/devtoolset-3/root/usr/lib]
  implicit libs: [stdc++;m;gcc_s;gcc;c;gcc_s;gcc]
  implicit dirs: [/opt/rh/devtoolset-3/root/usr/lib/gcc/x86_64-redhat-linux/4.9.2;/opt/rh/devtoolset-3/root/usr/lib64;/lib64;/usr/lib64;/opt/rh/devtoolset-3/root/usr/lib]
  implicit fwks: []




Detecting CXX [-std=c++14] compiler features compiled with the following output:
Change Dir: /root/mytest/anredis_c/build/CMakeFiles/CMakeTmp

Run Build Command(s):/usr/bin/gmake cmTC_7a68d/fast && /usr/bin/gmake -f CMakeFiles/cmTC_7a68d.dir/build.make CMakeFiles/cmTC_7a68d.dir/build
gmake[1]: 进入目录“/root/mytest/anredis_c/build/CMakeFiles/CMakeTmp”
Building CXX object CMakeFiles/cmTC_7a68d.dir/feature_tests.cxx.o
/opt/rh/devtoolset-3/root/usr/bin/c++    -std=c++14 -o CMakeFiles/cmTC_7a68d.dir/feature_tests.cxx.o -c /root/mytest/anredis_c/build/CMakeFiles/feature_tests.cxx
Linking CXX executable cmTC_7a68d
/usr/local/cmake-3.15.5-Linux-x86_64/bin/cmake -E cmake_link_script CMakeFiles/cmTC_7a68d.dir/link.txt --verbose=1
/opt/rh/devtoolset-3/root/usr/bin/c++       CMakeFiles/cmTC_7a68d.dir/feature_tests.cxx.o  -o cmTC_7a68d 
gmake[1]: 离开目录“/root/mytest/anredis_c/build/CMakeFiles/CMakeTmp”



    Feature record: CXX_FEATURE:1cxx_template_template_parameters
    Feature record: CXX_FEATURE:1cxx_alias_templates
    Feature record: CXX_FEATURE:1cxx_alignas
    Feature record: CXX_FEATURE:1cxx_alignof
    Feature record: CXX_FEATURE:1cxx_attributes
    Feature record: CXX_FEATURE:1cxx_auto_type
    Feature record: CXX_FEATURE:1cxx_constexpr
    Feature record: CXX_FEATURE:1cxx_decltype
    Feature record: CXX_FEATURE:1cxx_decltype_incomplete_return_types
    Feature record: CXX_FEATURE:1cxx_default_function_template_args
    Feature record: CXX_FEATURE:1cxx_defaulted_functions
    Feature record: CXX_FEATURE:1cxx_defaulted_move_initializers
    Feature record: CXX_FEATURE:1cxx_delegating_constructors
    Feature record: CXX_FEATURE:1cxx_deleted_functions
    Feature record: CXX_FEATURE:1cxx_enum_forward_declarations
    Feature record: CXX_FEATURE:1cxx_explicit_conversions
    Feature record: CXX_FEATURE:1cxx_extended_friend_declarations
    Feature record: CXX_FEATURE:1cxx_extern_templates
    Feature record: CXX_FEATURE:1cxx_final
    Feature record: CXX_FEATURE:1cxx_func_identifier
    Feature record: CXX_FEATURE:1cxx_generalized_initializers
    Feature record: CXX_FEATURE:1cxx_inheriting_constructors
    Feature record: CXX_FEATURE:1cxx_inline_namespaces
    Feature record: CXX_FEATURE:1cxx_lambdas
    Feature record: CXX_FEATURE:1cxx_local_type_template_args
    Feature record: CXX_FEATURE:1cxx_long_long_type
    Feature record: CXX_FEATURE:1cxx_noexcept
    Feature record: CXX_FEATURE:1cxx_nonstatic_member_init
    Feature record: CXX_FEATURE:1cxx_nullptr
    Feature record: CXX_FEATURE:1cxx_override
    Feature record: CXX_FEATURE:1cxx_range_for
    Feature record: CXX_FEATURE:1cxx_raw_string_literals
    Feature record: CXX_FEATURE:1cxx_reference_qualified_functions
    Feature record: CXX_FEATURE:1cxx_right_angle_brackets
    Feature record: CXX_FEATURE:1cxx_rvalue_references
    Feature record: CXX_FEATURE:1cxx_sizeof_member
    Feature record: CXX_FEATURE:1cxx_static_assert
    Feature record: CXX_FEATURE:1cxx_strong_enums
    Feature record: CXX_FEATURE:1cxx_thread_local
    Feature record: CXX_FEATURE:1cxx_trailing_return_types
    Feature record: CXX_FEATURE:1cxx_unicode_literals
    Feature record: CXX_FEATURE:1cxx_uniform_initialization
    Feature record: CXX_FEATURE:1cxx_unrestricted_unions
    Feature record: CXX_FEATURE:1cxx_user_literals
    Feature record: CXX_FEATURE:1cxx_variadic_macros
    Feature record: CXX_FEATURE:1cxx_variadic_templates
    Feature record: CXX_FEATURE:0cxx_aggregate_default_initializers
    Feature record: CXX_FEATURE:1cxx_attribute_deprecated
    Feature record: CXX_FEATURE:1cxx_binary_literals
    Feature record: CXX_FEATURE:1cxx_contextual_conversions
    Feature record: CXX_FEATURE:1cxx_decltype_auto
    Feature record: CXX_FEATURE:1cxx_digit_separators
    Feature record: CXX_FEATURE:1cxx_generic_lambdas
    Feature record: CXX_FEATURE:1cxx_lambda_init_captures
    Feature record: CXX_FEATURE:0cxx_relaxed_constexpr
    Feature record: CXX_FEATURE:1cxx_return_type_deduction
    Feature record: CXX_FEATURE:0cxx_variable_templates
